Line 20: Class MSComDlg.CommonDialog of control CommonDialog1 was not a loaded control class.
Line 46: Class WMPLibCtl.WindowsMediaPlayer of control WindowsMediaPlayer1 was not a loaded control class.
Line 23: The property name _ExtentX in CommonDialog1 is invalid.
Line 24: The property name _ExtentY in CommonDialog1 is invalid.
Line 25: The property name _Version in CommonDialog1 is invalid.
Line 52: The property name URL in WindowsMediaPlayer1 is invalid.
Line 53: The property name rate in WindowsMediaPlayer1 is invalid.
Line 54: The property name balance in WindowsMediaPlayer1 is invalid.
Line 55: The property name currentPosition in WindowsMediaPlayer1 is invalid.
Line 56: The property name defaultFrame in WindowsMediaPlayer1 is invalid.
Line 57: The property name playCount in WindowsMediaPlayer1 is invalid.
Line 58: The property name autoStart in WindowsMediaPlayer1 is invalid.
Line 59: The property name currentMarker in WindowsMediaPlayer1 is invalid.
Line 60: The property name invokeURLs in WindowsMediaPlayer1 is invalid.
Line 61: The property name baseURL in WindowsMediaPlayer1 is invalid.
Line 62: The property name volume in WindowsMediaPlayer1 is invalid.
Line 63: The property name mute in WindowsMediaPlayer1 is invalid.
Line 64: The property name uiMode in WindowsMediaPlayer1 is invalid.
Line 65: The property name stretchToFit in WindowsMediaPlayer1 is invalid.
Line 66: The property name windowlessVideo in WindowsMediaPlayer1 is invalid.
Line 68: The property name enableContextMenu in WindowsMediaPlayer1 is invalid.
Line 69: The property name fullScreen in WindowsMediaPlayer1 is invalid.
Line 70: The property name SAMIStyle in WindowsMediaPlayer1 is invalid.
Line 71: The property name SAMILang in WindowsMediaPlayer1 is invalid.
Line 72: The property name SAMIFilename in WindowsMediaPlayer1 is invalid.
Line 73: The property name captioningID in WindowsMediaPlayer1 is invalid.
Line 74: The property name enableErrorDialogs in WindowsMediaPlayer1 is invalid.
Line 75: The property name _cx in WindowsMediaPlayer1 is invalid.
Line 76: The property name _cy in WindowsMediaPlayer1 is invalid.
